#
# There is insufficient memory for the Java Runtime Environment to continue.
# Native memory allocation (mmap) failed to map 23068672 bytes for G1 virtual space
# Possible reasons:
#   The system is out of physical RAM or swap space
#   The process is running with CompressedOops enabled, and the Java Heap may be blocking the growth of the native heap
# Possible solutions:
#   Reduce memory load on the system
#   Increase physical memory or swap space
#   Check if swap backing store is full
#   Decrease Java heap size (-Xmx/-Xms)
#   Decrease number of Java threads
#   Decrease Java thread stack sizes (-Xss)
#   Set larger code cache with -XX:ReservedCodeCacheSize=
#   JVM is running with Unscaled Compressed Oops mode in which the Java heap is
#     placed in the first 4GB address space. The Java Heap base address is the
#     maximum limit for the native heap growth. Please use -XX:HeapBaseMinAddress
#     to set the Java Heap base and to place the Java Heap above 4GB virtual address.
# This output file may be truncated or incomplete.
#
#  Out of Memory Error (os_windows.cpp:3532), pid=6732, tid=17936
#
# JRE version: OpenJDK Runtime Environment (17.0.2+8) (build 17.0.2+8-86)
# Java VM: OpenJDK 64-Bit Server VM (17.0.2+8-86, mixed mode, emulated-client, sharing, tiered, compressed oops, compressed class ptrs, g1 gc, windows-amd64)
# No core dump will be written. Minidumps are not enabled by default on client versions of Windows
#

---------------  S U M M A R Y ------------

Command Line: -XX:TieredStopAtLevel=1 -Xverify:none -Dspring.output.ansi.enabled=always -javaagent:D:\IntelliJ IDEA 2021.2.2\lib\idea_rt.jar=55622:D:\IntelliJ IDEA 2021.2.2\bin -Dcom.sun.management.jmxremote -Dspring.jmx.enabled=true -Dspring.liveBeansView.mbeanDomain -Dspring.application.admin.enabled=true -Dfile.encoding=UTF-8 com.example.onlineshopping.OnlineShoppingApplication

Host: Intel(R) Core(TM) i5-8300H CPU @ 2.30GHz, 8 cores, 7G,  Windows 10 , 64 bit Build 19041 (10.0.19041.1645)
Time: Sun Apr 17 23:22:42 2022  Windows 10 , 64 bit Build 19041 (10.0.19041.1645) elapsed time: 6.008067 seconds (0d 0h 0m 6s)

---------------  T H R E A D  ---------------

Current thread (0x000001d422395990):  VMThread "VM Thread" [stack: 0x0000004441300000,0x0000004441400000] [id=17936]

Stack: [0x0000004441300000,0x0000004441400000]
Native frames: (J=compiled Java code, j=interpreted, Vv=VM code, C=native code)
V  [jvm.dll+0x670baa]
V  [jvm.dll+0x7cfcb4]
V  [jvm.dll+0x7d145e]
V  [jvm.dll+0x7d1ac3]
V  [jvm.dll+0x242bc5]
V  [jvm.dll+0x66dac9]
V  [jvm.dll+0x662412]
V  [jvm.dll+0x300c0b]
V  [jvm.dll+0x3081a6]
V  [jvm.dll+0x357d0e]
V  [jvm.dll+0x357f3f]
V  [jvm.dll+0x2d7ec8]
V  [jvm.dll+0x2d6194]
V  [jvm.dll+0x2d579c]
V  [jvm.dll+0x3190eb]
V  [jvm.dll+0x7d5f9b]
V  [jvm.dll+0x7d6cd4]
V  [jvm.dll+0x7d71ec]
V  [jvm.dll+0x7d75c4]
V  [jvm.dll+0x7d7690]
V  [jvm.dll+0x77ff7a]
V  [jvm.dll+0x66fa35]
C  [ucrtbase.dll+0x21bb2]
C  [KERNEL32.DLL+0x17034]
C  [ntdll.dll+0x52651]

VM_Operation (0x0000004440df6d30): G1CollectForAllocation, mode: safepoint, requested by thread 0x000001d4105c67b0


---------------  P R O C E S S  ---------------

Threads class SMR info:
_java_thread_list=0x000001d42541cca0, length=32, elements={
0x000001d4105c67b0, 0x000001d42239c9f0, 0x000001d42239d860, 0x000001d4223b3590,
0x000001d4223b6450, 0x000001d4223b6e00, 0x000001d4223b77b0, 0x000001d4223b8210,
0x000001d4223d3770, 0x000001d422387980, 0x000001d4230655f0, 0x000001d42243e870,
0x000001d4236825f0, 0x000001d423686600, 0x000001d423786a20, 0x000001d423bd6700,
0x000001d42480c230, 0x000001d424eb43f0, 0x000001d424eb48c0, 0x000001d424df4530,
0x000001d424df4a00, 0x000001d42515f210, 0x000001d42515fbb0, 0x000001d425160080,
0x000001d42515ed40, 0x000001d425160550, 0x000001d425160a20, 0x000001d42515da00,
0x000001d42515f6e0, 0x000001d42515d060, 0x000001d42515d530, 0x000001d42515ded0
}

Java Threads: ( => current thread )
  0x000001d4105c67b0 JavaThread "main" [_thread_blocked, id=18184, stack(0x0000004440d00000,0x0000004440e00000)]
  0x000001d42239c9f0 JavaThread "Reference Handler" daemon [_thread_blocked, id=4272, stack(0x0000004441400000,0x0000004441500000)]
  0x000001d42239d860 JavaThread "Finalizer" daemon [_thread_blocked, id=4440, stack(0x0000004441500000,0x0000004441600000)]
  0x000001d4223b3590 JavaThread "Signal Dispatcher" daemon [_thread_blocked, id=9292, stack(0x0000004441600000,0x0000004441700000)]
  0x000001d4223b6450 JavaThread "Attach Listener" daemon [_thread_blocked, id=2156, stack(0x0000004441700000,0x0000004441800000)]
  0x000001d4223b6e00 JavaThread "Service Thread" daemon [_thread_blocked, id=17700, stack(0x0000004441800000,0x0000004441900000)]
  0x000001d4223b77b0 JavaThread "Monitor Deflation Thread" daemon [_thread_blocked, id=11196, stack(0x0000004441900000,0x0000004441a00000)]
  0x000001d4223b8210 JavaThread "C1 CompilerThread0" daemon [_thread_blocked, id=18424, stack(0x0000004441a00000,0x0000004441b00000)]
  0x000001d4223d3770 JavaThread "Sweeper thread" daemon [_thread_blocked, id=440, stack(0x0000004441b00000,0x0000004441c00000)]
  0x000001d422387980 JavaThread "Common-Cleaner" daemon [_thread_blocked, id=12232, stack(0x0000004441c00000,0x0000004441d00000)]
  0x000001d4230655f0 JavaThread "C1 CompilerThread1" daemon [_thread_blocked, id=1072, stack(0x0000004441d00000,0x0000004441e00000)]
  0x000001d42243e870 JavaThread "C1 CompilerThread2" daemon [_thread_blocked, id=9352, stack(0x0000004441e00000,0x0000004441f00000)]
  0x000001d4236825f0 JavaThread "Monitor Ctrl-Break" daemon [_thread_in_native, id=8884, stack(0x0000004441f00000,0x0000004442000000)]
  0x000001d423686600 JavaThread "Notification Thread" daemon [_thread_blocked, id=8972, stack(0x0000004442000000,0x0000004442100000)]
  0x000001d423786a20 JavaThread "RMI TCP Accept-0" daemon [_thread_in_native, id=12640, stack(0x0000004442100000,0x0000004442200000)]
  0x000001d423bd6700 JavaThread "RMI TCP Connection(1)-192.168.1.98" daemon [_thread_in_native, id=5464, stack(0x0000004442c00000,0x0000004442d00000)]
  0x000001d42480c230 JavaThread "RMI Scheduler(0)" daemon [_thread_blocked, id=12848, stack(0x0000004442d00000,0x0000004442e00000)]
  0x000001d424eb43f0 JavaThread "Catalina-utility-1" [_thread_blocked, id=13148, stack(0x0000004442f00000,0x0000004443000000)]
  0x000001d424eb48c0 JavaThread "Catalina-utility-2" [_thread_blocked, id=12268, stack(0x0000004443000000,0x0000004443100000)]
  0x000001d424df4530 JavaThread "container-0" [_thread_blocked, id=14532, stack(0x0000004443100000,0x0000004443200000)]
  0x000001d424df4a00 JavaThread "mysql-cj-abandoned-connection-cleanup" daemon [_thread_blocked, id=5704, stack(0x0000004443200000,0x0000004443300000)]
  0x000001d42515f210 JavaThread "HikariPool-1 housekeeper" daemon [_thread_blocked, id=10596, stack(0x0000004443400000,0x0000004443500000)]
  0x000001d42515fbb0 JavaThread "HikariPool-1 connection adder" daemon [_thread_in_native, id=7368, stack(0x0000004443500000,0x0000004443600000)]
  0x000001d425160080 JavaThread "pool-1-thread-1" [_thread_in_native, id=9160, stack(0x0000004443600000,0x0000004443700000)]
  0x000001d42515ed40 JavaThread "I/O dispatcher 1" [_thread_in_native, id=12304, stack(0x0000004443700000,0x0000004443800000)]
  0x000001d425160550 JavaThread "I/O dispatcher 2" [_thread_in_native, id=17924, stack(0x0000004443800000,0x0000004443900000)]
  0x000001d425160a20 JavaThread "I/O dispatcher 3" [_thread_in_native, id=7036, stack(0x0000004443900000,0x0000004443a00000)]
  0x000001d42515da00 JavaThread "I/O dispatcher 4" [_thread_in_native, id=4400, stack(0x0000004443a00000,0x0000004443b00000)]
  0x000001d42515f6e0 JavaThread "I/O dispatcher 5" [_thread_in_native, id=18024, stack(0x0000004443b00000,0x0000004443c00000)]
  0x000001d42515d060 JavaThread "I/O dispatcher 6" [_thread_in_native, id=1908, stack(0x0000004443c00000,0x0000004443d00000)]
  0x000001d42515d530 JavaThread "I/O dispatcher 7" [_thread_in_native, id=5676, stack(0x0000004443d00000,0x0000004443e00000)]
  0x000001d42515ded0 JavaThread "I/O dispatcher 8" [_thread_in_native, id=16824, stack(0x0000004443e00000,0x0000004443f00000)]

Other Threads:
=>0x000001d422395990 VMThread "VM Thread" [stack: 0x0000004441300000,0x0000004441400000] [id=17936]
  0x000001d423781f40 WatcherThread [stack: 0x0000004442200000,0x0000004442300000] [id=8448]
  0x000001d410607490 GCTaskThread "GC Thread#0" [stack: 0x0000004440e00000,0x0000004440f00000] [id=15448]
  0x000001d423ab79e0 GCTaskThread "GC Thread#1" [stack: 0x0000004442300000,0x0000004442400000] [id=15020]
  0x000001d423ad2030 GCTaskThread "GC Thread#2" [stack: 0x0000004442400000,0x0000004442500000] [id=13852]
  0x000001d423ab6810 GCTaskThread "GC Thread#3" [stack: 0x0000004442500000,0x0000004442600000] [id=10784]
  0x000001d423ab6ac0 GCTaskThread "GC Thread#4" [stack: 0x0000004442600000,0x0000004442700000] [id=10012]
  0x000001d423aec880 GCTaskThread "GC Thread#5" [stack: 0x0000004442700000,0x0000004442800000] [id=16308]
  0x000001d423af8b50 GCTaskThread "GC Thread#6" [stack: 0x0000004442800000,0x0000004442900000] [id=8948]
  0x000001d423af8e00 GCTaskThread "GC Thread#7" [stack: 0x0000004442900000,0x0000004442a00000] [id=16184]
  0x000001d410617f10 ConcurrentGCThread "G1 Main Marker" [stack: 0x0000004440f00000,0x0000004441000000] [id=10244]
  0x000001d410618920 ConcurrentGCThread "G1 Conc#0" [stack: 0x0000004441000000,0x0000004441100000] [id=1636]
  0x000001d424e0dc30 ConcurrentGCThread "G1 Conc#1" [stack: 0x0000004442e00000,0x0000004442f00000] [id=16940]
  0x000001d41068d190 ConcurrentGCThread "G1 Refine#0" [stack: 0x0000004441100000,0x0000004441200000] [id=10968]
  0x000001d423705e40 ConcurrentGCThread "G1 Refine#1" [stack: 0x0000004442a00000,0x0000004442b00000] [id=14296]
  0x000001d4237065a0 ConcurrentGCThread "G1 Refine#2" [stack: 0x0000004442b00000,0x0000004442c00000] [id=16052]
  0x000001d41068dbb0 ConcurrentGCThread "G1 Service" [stack: 0x0000004441200000,0x0000004441300000] [id=16936]

Threads with active compile tasks:

VM state: at safepoint (normal execution)

VM Mutex/Monitor currently owned by a thread:  ([mutex/lock_event])
[0x000001d4105c1450] Threads_lock - owner thread: 0x000001d422395990
[0x000001d4105c14e0] Heap_lock - owner thread: 0x000001d4105c67b0

Heap address: 0x0000000082600000, size: 2010 MB, Compressed Oops mode: 32-bit

CDS archive(s) mapped at: [0x0000000800000000-0x0000000800bc0000-0x0000000800bc0000), size 12320768, SharedBaseAddress: 0x0000000800000000, ArchiveRelocationMode: 0.
Compressed class space mapped at: 0x0000000800c00000-0x0000000840c00000, reserved size: 1073741824
Narrow klass base: 0x0000000800000000, Narrow klass shift: 0, Narrow klass range: 0x100000000

GC Precious Log:
 CPUs: 8 total, 8 available
 Memory: 8034M
 Large Page Support: Disabled
 NUMA Support: Disabled
 Compressed Oops: Enabled (32-bit)
 Heap Region Size: 1M
 Heap Min Capacity: 8M
 Heap Initial Capacity: 126M
 Heap Max Capacity: 2010M
 Pre-touch: Disabled
 Parallel Workers: 8
 Concurrent Workers: 2
 Concurrent Refinement Workers: 8
 Periodic GC: Disabled

Heap:
 garbage-first heap   total 100352K, used 27031K [0x0000000082600000, 0x0000000100000000)
  region size 1024K, 4 young (4096K), 4 survivors (4096K)
 Metaspace       used 48527K, committed 48960K, reserved 1097728K
  class space    used 6679K, committed 6912K, reserved 1048576K

Heap Regions: E=young(eden), S=young(survivor), O=old, HS=humongous(starts), HC=humongous(continues), CS=collection set, F=free, OA=open archive, CA=closed archive, TAMS=top-at-mark-start (previous, next)
|   0|0x0000000082600000, 0x0000000082700000, 0x0000000082700000|100%|HS|  |TAMS 0x0000000082700000, 0x0000000082600000| Complete 
|   1|0x0000000082700000, 0x0000000082800000, 0x0000000082800000|100%|HS|  |TAMS 0x0000000082800000, 0x0000000082700000| Complete 
|   2|0x0000000082800000, 0x0000000082900000, 0x0000000082900000|100%| O|  |TAMS 0x0000000082900000, 0x0000000082800000| Untracked 
|   3|0x0000000082900000, 0x0000000082a00000, 0x0000000082a00000|100%| O|  |TAMS 0x0000000082a00000, 0x0000000082900000| Untracked 
|   4|0x0000000082a00000, 0x0000000082b00000, 0x0000000082b00000|100%| O|  |TAMS 0x0000000082b00000, 0x0000000082a00000| Untracked 
|   5|0x0000000082b00000, 0x0000000082c00000, 0x0000000082c00000|100%| O|  |TAMS 0x0000000082c00000, 0x0000000082b00000| Untracked 
|   6|0x0000000082c00000, 0x0000000082d00000, 0x0000000082d00000|100%| O|  |TAMS 0x0000000082d00000, 0x0000000082c00000| Untracked 
|   7|0x0000000082d00000, 0x0000000082e00000, 0x0000000082e00000|100%| O|  |TAMS 0x0000000082e00000, 0x0000000082d00000| Untracked 
|   8|0x0000000082e00000, 0x0000000082f00000, 0x0000000082f00000|100%| O|  |TAMS 0x0000000082f00000, 0x0000000082e00000| Untracked 
|   9|0x0000000082f00000, 0x0000000083000000, 0x0000000083000000|100%| O|  |TAMS 0x0000000083000000, 0x0000000082f00000| Untracked 
|  10|0x0000000083000000, 0x0000000083100000, 0x0000000083100000|100%| O|  |TAMS 0x0000000083000000, 0x0000000083000000| Untracked 
|  11|0x0000000083100000, 0x0000000083200000, 0x0000000083200000|100%| O|  |TAMS 0x0000000083200000, 0x0000000083100000| Untracked 
|  12|0x0000000083200000, 0x0000000083300000, 0x0000000083300000|100%| O|  |TAMS 0x0000000083300000, 0x0000000083200000| Untracked 
|  13|0x0000000083300000, 0x0000000083400000, 0x0000000083400000|100%| O|  |TAMS 0x0000000083400000, 0x0000000083300000| Untracked 
|  14|0x0000000083400000, 0x0000000083500000, 0x0000000083500000|100%| O|  |TAMS 0x0000000083500000, 0x0000000083400000| Untracked 
|  15|0x0000000083500000, 0x0000000083600000, 0x0000000083600000|100%| O|  |TAMS 0x0000000083500000, 0x0000000083500000| Untracked 
|  16|0x0000000083600000, 0x0000000083700000, 0x0000000083700000|100%| O|  |TAMS 0x0000000083600000, 0x0000000083600000| Untracked 
|  17|0x0000000083700000, 0x0000000083791000, 0x0000000083800000| 56%| O|  |TAMS 0x0000000083700000, 0x0000000083700000| Untracked 
|  18|0x0000000083800000, 0x0000000083800000, 0x0000000083900000|  0%| F|  |TAMS 0x0000000083800000, 0x0000000083800000| Untracked 
|  19|0x0000000083900000, 0x0000000083900000, 0x0000000083a00000|  0%| F|  |TAMS 0x0000000083900000, 0x0000000083900000| Untracked 
|  20|0x0000000083a00000, 0x0000000083a00000, 0x0000000083b00000|  0%| F|  |TAMS 0x0000000083a00000, 0x0000000083a00000| Untracked 
|  21|0x0000000083b00000, 0x0000000083b00000, 0x0000000083c00000|  0%| F|  |TAMS 0x0000000083b00000, 0x0000000083b00000| Untracked 
|  22|0x0000000083c00000, 0x0000000083c00000, 0x0000000083d00000|  0%| F|  |TAMS 0x0000000083c00000, 0x0000000083c00000| Untracked 
|  23|0x0000000083d00000, 0x0000000083e00000, 0x0000000083e00000|100%| O|  |TAMS 0x0000000083e00000, 0x0000000083d00000| Untracked 
|  24|0x0000000083e00000, 0x0000000083f00000, 0x0000000083f00000|100%| O|  |TAMS 0x0000000083f00000, 0x0000000083e00000| Untracked 
|  25|0x0000000083f00000, 0x0000000084000000, 0x0000000084000000|100%| O|  |TAMS 0x0000000084000000, 0x0000000083f00000| Untracked 
|  26|0x0000000084000000, 0x0000000084100000, 0x0000000084100000|100%| O|  |TAMS 0x0000000084100000, 0x0000000084000000| Untracked 
|  27|0x0000000084100000, 0x0000000084200000, 0x0000000084200000|100%| O|  |TAMS 0x0000000084195e00, 0x0000000084100000| Untracked 
|  28|0x0000000084200000, 0x0000000084200000, 0x0000000084300000|  0%| F|  |TAMS 0x0000000084200000, 0x0000000084200000| Untracked 
|  29|0x0000000084300000, 0x0000000084300000, 0x0000000084400000|  0%| F|  |TAMS 0x0000000084300000, 0x0000000084300000| Untracked 
|  30|0x0000000084400000, 0x0000000084400000, 0x0000000084500000|  0%| F|  |TAMS 0x0000000084400000, 0x0000000084400000| Untracked 
|  31|0x0000000084500000, 0x00000000845d4d00, 0x0000000084600000| 83%| S|CS|TAMS 0x0000000084500000, 0x0000000084500000| Complete 
|  32|0x0000000084600000, 0x0000000084700000, 0x0000000084700000|100%| S|CS|TAMS 0x0000000084600000, 0x0000000084600000| Complete 
|  33|0x0000000084700000, 0x0000000084800000, 0x0000000084800000|100%| S|CS|TAMS 0x0000000084700000, 0x0000000084700000| Complete 
|  34|0x0000000084800000, 0x0000000084800000, 0x0000000084900000|  0%| F|  |TAMS 0x0000000084800000, 0x0000000084800000| Untracked 
|  35|0x0000000084900000, 0x0000000084900000, 0x0000000084a00000|  0%| F|  |TAMS 0x0000000084900000, 0x0000000084900000| Untracked 
|  36|0x0000000084a00000, 0x0000000084a00000, 0x0000000084b00000|  0%| F|  |TAMS 0x0000000084a00000, 0x0000000084a00000| Untracked 
|  37|0x0000000084b00000, 0x0000000084c00000, 0x0000000084c00000|100%| S|CS|TAMS 0x0000000084b00000, 0x0000000084b00000| Complete 
|  38|0x0000000084c00000, 0x0000000084c00000, 0x0000000084d00000|  0%| F|  |TAMS 0x0000000084c00000, 0x0000000084c00000| Untracked 
|  39|0x0000000084d00000, 0x0000000084d00000, 0x0000000084e00000|  0%| F|  |TAMS 0x0000000084d00000, 0x0000000084d00000| Untracked 
|  40|0x0000000084e00000, 0x0000000084e00000, 0x0000000084f00000|  0%| F|  |TAMS 0x0000000084e00000, 0x0000000084e00000| Untracked 
|  41|0x0000000084f00000, 0x0000000084f00000, 0x0000000085000000|  0%| F|  |TAMS 0x0000000084f00000, 0x0000000084f00000| Untracked 
|  42|0x0000000085000000, 0x0000000085000000, 0x0000000085100000|  0%| F|  |TAMS 0x0000000085000000, 0x0000000085000000| Untracked 
|  43|0x0000000085100000, 0x0000000085100000, 0x0000000085200000|  0%| F|  |TAMS 0x0000000085100000, 0x0000000085100000| Untracked 
|  44|0x0000000085200000, 0x0000000085200000, 0x0000000085300000|  0%| F|  |TAMS 0x0000000085200000, 0x0000000085200000| Untracked 
|  45|0x0000000085300000, 0x0000000085300000, 0x0000000085400000|  0%| F|  |TAMS 0x0000000085300000, 0x0000000085300000| Untracked 
|  46|0x0000000085400000, 0x0000000085400000, 0x0000000085500000|  0%| F|  |TAMS 0x0000000085400000, 0x0000000085400000| Untracked 
|  47|0x0000000085500000, 0x0000000085500000, 0x0000000085600000|  0%| F|  |TAMS 0x0000000085500000, 0x0000000085500000| Untracked 
|  48|0x0000000085600000, 0x0000000085600000, 0x0000000085700000|  0%| F|  |TAMS 0x0000000085600000, 0x0000000085600000| Untracked 
|  49|0x0000000085700000, 0x0000000085700000, 0x0000000085800000|  0%| F|  |TAMS 0x0000000085700000, 0x0000000085700000| Untracked 
|  50|0x0000000085800000, 0x0000000085800000, 0x0000000085900000|  0%| F|  |TAMS 0x0000000085800000, 0x0000000085800000| Untracked 
|  51|0x0000000085900000, 0x0000000085900000, 0x0000000085a00000|  0%| F|  |TAMS 0x0000000085900000, 0x0000000085900000| Untracked 
|  52|0x0000000085a00000, 0x0000000085a00000, 0x0000000085b00000|  0%| F|  |TAMS 0x0000000085a00000, 0x0000000085a00000| Untracked 
|  53|0x0000000085b00000, 0x0000000085b00000, 0x0000000085c00000|  0%| F|  |TAMS 0x0000000085b00000, 0x0000000085b00000| Untracked 
|  54|0x0000000085c00000, 0x0000000085c00000, 0x0000000085d00000|  0%| F|  |TAMS 0x0000000085c00000, 0x0000000085c00000| Untracked 
|  55|0x0000000085d00000, 0x0000000085d00000, 0x0000000085e00000|  0%| F|  |TAMS 0x0000000085d00000, 0x0000000085d00000| Untracked 
|  56|0x0000000085e00000, 0x0000000085e00000, 0x0000000085f00000|  0%| F|  |TAMS 0x0000000085e00000, 0x0000000085e00000| Untracked 
|  57|0x0000000085f00000, 0x0000000085f00000, 0x0000000086000000|  0%| F|  |TAMS 0x0000000085f00000, 0x0000000085f00000| Untracked 
|  58|0x0000000086000000, 0x0000000086000000, 0x0000000086100000|  0%| F|  |TAMS 0x0000000086000000, 0x0000000086000000| Untracked 
|  59|0x0000000086100000, 0x0000000086100000, 0x0000000086200000|  0%| F|  |TAMS 0x0000000086100000, 0x0000000086100000| Untracked 
|  60|0x0000000086200000, 0x0000000086200000, 0x0000000086300000|  0%| F|  |TAMS 0x0000000086200000, 0x0000000086200000| Untracked 
|  61|0x0000000086300000, 0x0000000086300000, 0x0000000086400000|  0%| F|  |TAMS 0x0000000086300000, 0x0000000086300000| Untracked 
|  62|0x0000000086400000, 0x0000000086400000, 0x0000000086500000|  0%| F|  |TAMS 0x0000000086400000, 0x0000000086400000| Untracked 
|  63|0x0000000086500000, 0x0000000086500000, 0x0000000086600000|  0%| F|  |TAMS 0x0000000086500000, 0x0000000086500000| Untracked 
|  64|0x0000000086600000, 0x0000000086600000, 0x0000000086700000|  0%| F|  |TAMS 0x0000000086600000, 0x0000000086600000| Untracked 
|  65|0x0000000086700000, 0x0000000086700000, 0x0000000086800000|  0%| F|  |TAMS 0x0000000086700000, 0x0000000086700000| Untracked 
|  66|0x0000000086800000, 0x0000000086800000, 0x0000000086900000|  0%| F|  |TAMS 0x0000000086800000, 0x0000000086800000| Untracked 
|  67|0x0000000086900000, 0x0000000086900000, 0x0000000086a00000|  0%| F|  |TAMS 0x0000000086900000, 0x0000000086900000| Untracked 
|  68|0x0000000086a00000, 0x0000000086a00000, 0x0000000086b00000|  0%| F|  |TAMS 0x0000000086a00000, 0x0000000086a00000| Untracked 
|  69|0x0000000086b00000, 0x0000000086b00000, 0x0000000086c00000|  0%| F|  |TAMS 0x0000000086b00000, 0x0000000086b00000| Untracked 
|  70|0x0000000086c00000, 0x0000000086c00000, 0x0000000086d00000|  0%| F|  |TAMS 0x0000000086c00000, 0x0000000086c00000| Untracked 
|  71|0x0000000086d00000, 0x0000000086d00000, 0x0000000086e00000|  0%| F|  |TAMS 0x0000000086d00000, 0x0000000086d00000| Untracked 
|  72|0x0000000086e00000, 0x0000000086e00000, 0x0000000086f00000|  0%| F|  |TAMS 0x0000000086e00000, 0x0000000086e00000| Untracked 
|  73|0x0000000086f00000, 0x0000000086f00000, 0x0000000087000000|  0%| F|  |TAMS 0x0000000086f00000, 0x0000000086f00000| Untracked 
|  74|0x0000000087000000, 0x0000000087000000, 0x0000000087100000|  0%| F|  |TAMS 0x0000000087000000, 0x0000000087000000| Untracked 
|  75|0x0000000087100000, 0x0000000087100000, 0x0000000087200000|  0%| F|  |TAMS 0x0000000087100000, 0x0000000087100000| Untracked 
|  76|0x0000000087200000, 0x0000000087200000, 0x0000000087300000|  0%| F|  |TAMS 0x0000000087200000, 0x0000000087200000| Untracked 
|  77|0x0000000087300000, 0x0000000087300000, 0x0000000087400000|  0%| F|  |TAMS 0x0000000087300000, 0x0000000087300000| Untracked 
|  78|0x0000000087400000, 0x0000000087400000, 0x0000000087500000|  0%| F|  |TAMS 0x0000000087400000, 0x0000000087400000| Untracked 
|  79|0x0000000087500000, 0x0000000087500000, 0x0000000087600000|  0%| F|  |TAMS 0x0000000087500000, 0x0000000087500000| Untracked 
|  80|0x0000000087600000, 0x0000000087600000, 0x0000000087700000|  0%| F|  |TAMS 0x0000000087600000, 0x0000000087600000| Untracked 
|  81|0x0000000087700000, 0x0000000087700000, 0x0000000087800000|  0%| F|  |TAMS 0x0000000087700000, 0x0000000087700000| Untracked 
|  82|0x0000000087800000, 0x0000000087800000, 0x0000000087900000|  0%| F|  |TAMS 0x0000000087800000, 0x0000000087800000| Untracked 
|  83|0x0000000087900000, 0x0000000087900000, 0x0000000087a00000|  0%| F|  |TAMS 0x0000000087900000, 0x0000000087900000| Untracked 
|  84|0x0000000087a00000, 0x0000000087a00000, 0x0000000087b00000|  0%| F|  |TAMS 0x0000000087a00000, 0x0000000087a00000| Untracked 
|  85|0x0000000087b00000, 0x0000000087b00000, 0x0000000087c00000|  0%| F|  |TAMS 0x0000000087b00000, 0x0000000087b00000| Untracked 
|  86|0x0000000087c00000, 0x0000000087c00000, 0x0000000087d00000|  0%| F|  |TAMS 0x0000000087c00000, 0x0000000087c00000| Untracked 
|  87|0x0000000087d00000, 0x0000000087d00000, 0x0000000087e00000|  0%| F|  |TAMS 0x0000000087d00000, 0x0000000087d00000| Untracked 
|  88|0x0000000087e00000, 0x0000000087e00000, 0x0000000087f00000|  0%| F|  |TAMS 0x0000000087e00000, 0x0000000087e00000| Untracked 
|  89|0x0000000087f00000, 0x0000000087f00000, 0x0000000088000000|  0%| F|  |TAMS 0x0000000087f00000, 0x0000000087f00000| Untracked 
|  90|0x0000000088000000, 0x0000000088000000, 0x0000000088100000|  0%| F|  |TAMS 0x0000000088000000, 0x0000000088000000| Untracked 
|  91|0x0000000088100000, 0x0000000088100000, 0x0000000088200000|  0%| F|  |TAMS 0x0000000088100000, 0x0000000088100000| Untracked 
|  92|0x0000000088200000, 0x0000000088200000, 0x0000000088300000|  0%| F|  |TAMS 0x0000000088200000, 0x0000000088200000| Untracked 
|  93|0x0000000088300000, 0x0000000088300000, 0x0000000088400000|  0%| F|  |TAMS 0x0000000088300000, 0x0000000088300000| Untracked 
|  94|0x0000000088400000, 0x0000000088400000, 0x0000000088500000|  0%| F|  |TAMS 0x0000000088400000, 0x0000000088400000| Untracked 
|  95|0x0000000088500000, 0x0000000088500000, 0x0000000088600000|  0%| F|  |TAMS 0x0000000088500000, 0x0000000088500000| Untracked 
|  96|0x0000000088600000, 0x0000000088600000, 0x0000000088700000|  0%| F|  |TAMS 0x0000000088600000, 0x0000000088600000| Untracked 
| 125|0x000000008a300000, 0x000000008a300000, 0x000000008a400000|  0%| F|  |TAMS 0x000000008a300000, 0x000000008a300000| Untracked 

Card table byte_map: [0x000001d41b300000,0x000001d41b6f0000] _byte_map_base: 0x000001d41aeed000

Marking Bits (Prev, Next): (CMBitMap*) 0x000001d410607aa0, (CMBitMap*) 0x000001d410607ae0
 Prev Bits: [0x000001d41bae0000, 0x000001d41da48000)
 Next Bits: [0x000001d41da50000, 0x000001d41f9b8000)

Polling page: 0x000001d40e430000

Metaspace:

Usage:
  Non-class:     40.87 MB used.
      Class:      6.52 MB used.
       Both:     47.39 MB used.

Virtual space:
  Non-class space:       48.00 MB reserved,      41.06 MB ( 86%) committed,  6 nodes.
      Class space:        1.00 GB reserved,       6.75 MB ( <1%) committed,  1 nodes.
             Both:        1.05 GB reserved,      47.81 MB (  4%) committed. 

Chunk freelists:
   Non-Class:  2.55 MB
       Class:  1.23 MB
        Both:  3.78 MB

MaxMetaspaceSize: unlimited
CompressedClassSpaceSize: 1.00 GB
Initial GC threshold: 21.00 MB
Current GC threshold: 59.00 MB
CDS: on
MetaspaceReclaimPolicy: balanced
 - commit_granule_bytes: 65536.
 - commit_granule_words: 8192.
 - virtual_space_node_default_size: 1048576.
 - enlarge_chunks_in_place: 1.
 - new_chunks_are_fully_committed: 0.
 - uncommit_free_chunks: 1.
 - use_allocation_guard: 0.
 - handle_deallocations: 1.


Internal statistics:

num_allocs_failed_limit: 6.
num_arena_births: 492.
num_arena_deaths: 0.
num_vsnodes_births: 7.
num_vsnodes_deaths: 0.
num_space_committed: 765.
num_space_uncommitted: 0.
num_chunks_returned_to_freelist: 6.
num_chunks_taken_from_freelist: 2141.
num_chunk_merges: 6.
num_chunk_splits: 1497.
num_chunks_enlarged: 1132.
num_purges: 0.
num_inconsistent_stats: 0.

CodeCache: size=49152Kb used=10482Kb max_used=10482Kb free=38670Kb
 bounds [0x000001d417e00000, 0x000001d418840000, 0x000001d41ae00000]
 total_blobs=5768 nmethods=5124 adapters=569
 compilation: enabled
              stopped_count=0, restarted_count=0
 full_count=0

Compilation events (20 events):
Event: 5.907 Thread 0x000001d4230655f0 5114       1       sun.nio.cs.UTF_8$Decoder::decodeArrayLoop (688 bytes)
Event: 5.908 Thread 0x000001d4223b8210 5115       1       java.lang.AbstractStringBuilder::append (33 bytes)
Event: 5.908 Thread 0x000001d4223b8210 nmethod 5115 0x000001d418833690 code [0x000001d418833840, 0x000001d4188339a8]
Event: 5.909 Thread 0x000001d4230655f0 nmethod 5114 0x000001d418833a90 code [0x000001d4188340e0, 0x000001d418835b38]
Event: 5.910 Thread 0x000001d4230655f0 5116       1       sun.nio.cs.UTF_8$Decoder::isMalformed3 (45 bytes)
Event: 5.910 Thread 0x000001d4230655f0 nmethod 5116 0x000001d418836c10 code [0x000001d418836da0, 0x000001d418836e98]
Event: 5.911 Thread 0x000001d4230655f0 5117       1       java.lang.StringUTF16::newBytesFor (61 bytes)
Event: 5.911 Thread 0x000001d4230655f0 nmethod 5117 0x000001d418836f10 code [0x000001d418837120, 0x000001d418837628]
Event: 5.915 Thread 0x000001d4230655f0 5118   !   1       java.util.concurrent.ConcurrentHashMap::transfer (849 bytes)
Event: 5.917 Thread 0x000001d4230655f0 nmethod 5118 0x000001d418837890 code [0x000001d418837b40, 0x000001d418839418]
Event: 5.972 Thread 0x000001d4230655f0 5119       1       java.io.ObjectStreamField::getField (5 bytes)
Event: 5.972 Thread 0x000001d4230655f0 nmethod 5119 0x000001d41883b390 code [0x000001d41883b520, 0x000001d41883b5f8]
Event: 5.972 Thread 0x000001d4230655f0 5120       1       java.io.ObjectStreamField::setOffset (6 bytes)
Event: 5.972 Thread 0x000001d4230655f0 nmethod 5120 0x000001d41883b690 code [0x000001d41883b820, 0x000001d41883b8f8]
Event: 5.978 Thread 0x000001d42243e870 5122       1       java.security.DrbgParameters$NextBytes::getStrength (5 bytes)
Event: 5.978 Thread 0x000001d4230655f0 5123       1       java.security.DrbgParameters$NextBytes::getPredictionResistance (5 bytes)
Event: 5.978 Thread 0x000001d4230655f0 nmethod 5123 0x000001d41883bc90 code [0x000001d41883be20, 0x000001d41883bef8]
Event: 5.978 Thread 0x000001d42243e870 nmethod 5122 0x000001d41883bf90 code [0x000001d41883c120, 0x000001d41883c1f8]
Event: 5.999 Thread 0x000001d42243e870 5124       1       java.util.HashMap::keysToArray (81 bytes)
Event: 5.999 Thread 0x000001d42243e870 nmethod 5124 0x000001d41883c290 code [0x000001d41883c440, 0x000001d41883c698]

GC Heap History (20 events):
Event: 2.006 GC heap after
{Heap after GC invocations=1 (full 0):
 garbage-first heap   total 129024K, used 10543K [0x0000000082600000, 0x0000000100000000)
  region size 1024K, 3 young (3072K), 3 survivors (3072K)
 Metaspace       used 6786K, committed 6976K, reserved 1056768K
  class space    used 823K, committed 896K, reserved 1048576K
}
Event: 2.383 GC heap before
{Heap before GC invocations=1 (full 0):
 garbage-first heap   total 129024K, used 27951K [0x0000000082600000, 0x0000000100000000)
  region size 1024K, 20 young (20480K), 3 survivors (3072K)
 Metaspace       used 10791K, committed 11072K, reserved 1064960K
  class space    used 1445K, committed 1600K, reserved 1048576K
}
Event: 2.387 GC heap after
{Heap after GC invocations=2 (full 0):
 garbage-first heap   total 129024K, used 12458K [0x0000000082600000, 0x0000000100000000)
  region size 1024K, 2 young (2048K), 2 survivors (2048K)
 Metaspace       used 10791K, committed 11072K, reserved 1064960K
  class space    used 1445K, committed 1600K, reserved 1048576K
}
Event: 3.090 GC heap before
{Heap before GC invocations=2 (full 0):
 garbage-first heap   total 129024K, used 58538K [0x0000000082600000, 0x0000000100000000)
  region size 1024K, 48 young (49152K), 2 survivors (2048K)
 Metaspace       used 17475K, committed 17856K, reserved 1064960K
  class space    used 2309K, committed 2496K, reserved 1048576K
}
Event: 3.094 GC heap after
{Heap after GC invocations=3 (full 0):
 garbage-first heap   total 129024K, used 14727K [0x0000000082600000, 0x0000000100000000)
  region size 1024K, 4 young (4096K), 4 survivors (4096K)
 Metaspace       used 17475K, committed 17856K, reserved 1064960K
  class space    used 2309K, committed 2496K, reserved 1048576K
}
Event: 3.707 GC heap before
{Heap before GC invocations=3 (full 0):
 garbage-first heap   total 129024K, used 43399K [0x0000000082600000, 0x0000000100000000)
  region size 1024K, 33 young (33792K), 4 survivors (4096K)
 Metaspace       used 21186K, committed 21504K, reserved 1073152K
  class space    used 2847K, committed 3008K, reserved 1048576K
}
Event: 3.712 GC heap after
{Heap after GC invocations=4 (full 0):
 garbage-first heap   total 129024K, used 16847K [0x0000000082600000, 0x0000000100000000)
  region size 1024K, 6 young (6144K), 6 survivors (6144K)
 Metaspace       used 21186K, committed 21504K, reserved 1073152K
  class space    used 2847K, committed 3008K, reserved 1048576K
}
Event: 4.200 GC heap before
{Heap before GC invocations=5 (full 0):
 garbage-first heap   total 61440K, used 47567K [0x0000000082600000, 0x0000000100000000)
  region size 1024K, 37 young (37888K), 6 survivors (6144K)
 Metaspace       used 26074K, committed 26432K, reserved 1073152K
  class space    used 3492K, committed 3648K, reserved 1048576K
}
Event: 4.211 GC heap after
{Heap after GC invocations=6 (full 0):
 garbage-first heap   total 61440K, used 19706K [0x0000000082600000, 0x0000000100000000)
  region size 1024K, 8 young (8192K), 8 survivors (8192K)
 Metaspace       used 26074K, committed 26432K, reserved 1073152K
  class space    used 3492K, committed 3648K, reserved 1048576K
}
Event: 4.229 GC heap before
{Heap before GC invocations=6 (full 0):
 garbage-first heap   total 61440K, used 19706K [0x0000000082600000, 0x0000000100000000)
  region size 1024K, 9 young (9216K), 8 survivors (8192K)
 Metaspace       used 26172K, committed 26560K, reserved 1073152K
  class space    used 3509K, committed 3712K, reserved 1048576K
}
Event: 4.238 GC heap after
{Heap after GC invocations=7 (full 0):
 garbage-first heap   total 61440K, used 20055K [0x0000000082600000, 0x0000000100000000)
  region size 1024K, 1 young (1024K), 1 survivors (1024K)
 Metaspace       used 26172K, committed 26560K, reserved 1073152K
  class space    used 3509K, committed 3712K, reserved 1048576K
}
Event: 4.603 GC heap before
{Heap before GC invocations=7 (full 0):
 garbage-first heap   total 61440K, used 41559K [0x0000000082600000, 0x0000000100000000)
  region size 1024K, 23 young (23552K), 1 survivors (1024K)
 Metaspace       used 30723K, committed 31104K, reserved 1081344K
  class space    used 4172K, committed 4352K, reserved 1048576K
}
Event: 4.605 GC heap after
{Heap after GC invocations=8 (full 0):
 garbage-first heap   total 61440K, used 20508K [0x0000000082600000, 0x0000000100000000)
  region size 1024K, 2 young (2048K), 2 survivors (2048K)
 Metaspace       used 30723K, committed 31104K, reserved 1081344K
  class space    used 4172K, committed 4352K, reserved 1048576K
}
Event: 4.981 GC heap before
{Heap before GC invocations=8 (full 0):
 garbage-first heap   total 61440K, used 33820K [0x0000000082600000, 0x0000000100000000)
  region size 1024K, 17 young (17408K), 2 survivors (2048K)
 Metaspace       used 35632K, committed 35968K, reserved 1081344K
  class space    used 4817K, committed 4992K, reserved 1048576K
}
Event: 4.983 GC heap after
{Heap after GC invocations=9 (full 0):
 garbage-first heap   total 61440K, used 21921K [0x0000000082600000, 0x0000000100000000)
  region size 1024K, 3 young (3072K), 3 survivors (3072K)
 Metaspace       used 35632K, committed 35968K, reserved 1081344K
  class space    used 4817K, committed 4992K, reserved 1048576K
}
Event: 5.507 GC heap before
{Heap before GC invocations=10 (full 0):
 garbage-first heap   total 61440K, used 44449K [0x0000000082600000, 0x0000000100000000)
  region size 1024K, 26 young (26624K), 3 survivors (3072K)
 Metaspace       used 42657K, committed 43008K, reserved 1089536K
  class space    used 5720K, committed 5888K, reserved 1048576K
}
Event: 5.509 GC heap after
{Heap after GC invocations=11 (full 0):
 garbage-first heap   total 61440K, used 23147K [0x0000000082600000, 0x0000000100000000)
  region size 1024K, 3 young (3072K), 3 survivors (3072K)
 Metaspace       used 42657K, committed 43008K, reserved 1089536K
  class space    used 5720K, committed 5888K, reserved 1048576K
}
Event: 5.783 GC heap before
{Heap before GC invocations=11 (full 0):
 garbage-first heap   total 61440K, used 46699K [0x0000000082600000, 0x0000000100000000)
  region size 1024K, 26 young (26624K), 3 survivors (3072K)
 Metaspace       used 45949K, committed 46336K, reserved 1089536K
  class space    used 6320K, committed 6528K, reserved 1048576K
}
Event: 5.787 GC heap after
{Heap after GC invocations=12 (full 0):
 garbage-first heap   total 61440K, used 24550K [0x0000000082600000, 0x0000000100000000)
  region size 1024K, 3 young (3072K), 3 survivors (3072K)
 Metaspace       used 45949K, committed 46336K, reserved 1089536K
  class space    used 6320K, committed 6528K, reserved 1048576K
}
Event: 6.000 GC heap before
{Heap before GC invocations=12 (full 0):
 garbage-first heap   total 61440K, used 46054K [0x0000000082600000, 0x0000000100000000)
  region size 1024K, 25 young (25600K), 3 survivors (3072K)
 Metaspace       used 48527K, committed 48960K, reserved 1097728K
  class space    used 6679K, committed 6912K, reserved 1048576K
}

Deoptimization events (20 events):
Event: 2.478 Thread 0x000001d4105c67b0 DEOPT PACKING pc=0x000001d418329999 sp=0x0000004440dfd230
Event: 2.478 Thread 0x000001d4105c67b0 DEOPT UNPACKING pc=0x000001d417e52b43 sp=0x0000004440dfc710 mode 3
Event: 3.103 Thread 0x000001d4105c67b0 DEOPT PACKING pc=0x000001d4183395a4 sp=0x0000004440dfd6f0
Event: 3.103 Thread 0x000001d4105c67b0 DEOPT UNPACKING pc=0x000001d417e52b43 sp=0x0000004440dfcc48 mode 0
Event: 3.625 Thread 0x000001d4105c67b0 DEOPT PACKING pc=0x000001d41851fd75 sp=0x0000004440dfdeb0
Event: 3.625 Thread 0x000001d4105c67b0 DEOPT UNPACKING pc=0x000001d417e52b43 sp=0x0000004440dfd320 mode 3
Event: 3.977 Thread 0x000001d4105c67b0 DEOPT PACKING pc=0x000001d4185a6f3c sp=0x0000004440dfc680
Event: 3.977 Thread 0x000001d4105c67b0 DEOPT UNPACKING pc=0x000001d417e52b43 sp=0x0000004440dfbc18 mode 0
Event: 3.977 Thread 0x000001d4105c67b0 DEOPT PACKING pc=0x000001d4185d5e4c sp=0x0000004440dfcac0
Event: 3.977 Thread 0x000001d4105c67b0 DEOPT UNPACKING pc=0x000001d417e52b43 sp=0x0000004440dfbfc8 mode 0
Event: 4.288 Thread 0x000001d4105c67b0 DEOPT PACKING pc=0x000001d4185f905d sp=0x0000004440dfc4d0
Event: 4.288 Thread 0x000001d4105c67b0 DEOPT UNPACKING pc=0x000001d417e52b43 sp=0x0000004440dfba38 mode 3
Event: 4.299 Thread 0x000001d424eb43f0 DEOPT PACKING pc=0x000001d418275b17 sp=0x0000004442ffefb0
Event: 4.299 Thread 0x000001d424eb43f0 DEOPT UNPACKING pc=0x000001d417e52b43 sp=0x0000004442ffe408 mode 3
Event: 4.310 Thread 0x000001d4105c67b0 DEOPT PACKING pc=0x000001d418654419 sp=0x0000004440dfccd0
Event: 4.310 Thread 0x000001d4105c67b0 DEOPT UNPACKING pc=0x000001d417e52b43 sp=0x0000004440dfc1b0 mode 3
Event: 5.850 Thread 0x000001d4105c67b0 DEOPT PACKING pc=0x000001d418643984 sp=0x0000004440dfa780
Event: 5.850 Thread 0x000001d4105c67b0 DEOPT UNPACKING pc=0x000001d417e52b43 sp=0x0000004440df9c98 mode 0
Event: 5.915 Thread 0x000001d4105c67b0 DEOPT PACKING pc=0x000001d41836bd22 sp=0x0000004440dfa0d0
Event: 5.915 Thread 0x000001d4105c67b0 DEOPT UNPACKING pc=0x000001d417e52b43 sp=0x0000004440df95d8 mode 3

Classes unloaded (0 events):
No events

Classes redefined (0 events):
No events

Internal exceptions (20 events):
Event: 5.764 Thread 0x000001d4105c67b0 Exception <a 'java/lang/ClassNotFoundException'{0x0000000084e488f0}: org/springframework/data/repository/core/support/RepositoryFactoryBeanSupportCustomizer> (0x0000000084e488f0) 
thrown [t:\workspace\open\src\hotspot\share\classfile\systemDictionary.cpp, line 256]
Event: 5.766 Thread 0x000001d4105c67b0 Exception <a 'java/lang/ClassNotFoundException'{0x0000000084d26948}: org/springframework/data/elasticsearch/repository/support/ElasticsearchRepositoryFactoryBeanCustomizer> (0x0000000084d26948) 
thrown [t:\workspace\open\src\hotspot\share\classfile\systemDictionary.cpp, line 256]
Event: 5.767 Thread 0x000001d4105c67b0 Exception <a 'java/lang/ClassNotFoundException'{0x0000000084d46d38}: org/springframework/beans/factory/InitializingBeanCustomizer> (0x0000000084d46d38) 
thrown [t:\workspace\open\src\hotspot\share\classfile\systemDictionary.cpp, line 256]
Event: 5.767 Thread 0x000001d4105c67b0 Exception <a 'java/lang/ClassNotFoundException'{0x0000000084d4f778}: org/springframework/data/repository/core/support/RepositoryFactoryInformationCustomizer> (0x0000000084d4f778) 
thrown [t:\workspace\open\src\hotspot\share\classfile\systemDictionary.cpp, line 256]
Event: 5.768 Thread 0x000001d4105c67b0 Exception <a 'java/lang/ClassNotFoundException'{0x0000000084d5ce20}: org/springframework/beans/factory/FactoryBeanCustomizer> (0x0000000084d5ce20) 
thrown [t:\workspace\open\src\hotspot\share\classfile\systemDictionary.cpp, line 256]
Event: 5.768 Thread 0x000001d4105c67b0 Exception <a 'java/lang/ClassNotFoundException'{0x0000000084d67a88}: org/springframework/beans/factory/BeanClassLoaderAwareCustomizer> (0x0000000084d67a88) 
thrown [t:\workspace\open\src\hotspot\share\classfile\systemDictionary.cpp, line 256]
Event: 5.768 Thread 0x000001d4105c67b0 Exception <a 'java/lang/ClassNotFoundException'{0x0000000084d70580}: org/springframework/beans/factory/AwareCustomizer> (0x0000000084d70580) 
thrown [t:\workspace\open\src\hotspot\share\classfile\systemDictionary.cpp, line 256]
Event: 5.769 Thread 0x000001d4105c67b0 Exception <a 'java/lang/ClassNotFoundException'{0x0000000084d77818}: org/springframework/beans/factory/BeanFactoryAwareCustomizer> (0x0000000084d77818) 
thrown [t:\workspace\open\src\hotspot\share\classfile\systemDictionary.cpp, line 256]
Event: 5.769 Thread 0x000001d4105c67b0 Exception <a 'java/lang/ClassNotFoundException'{0x0000000084d7f988}: org/springframework/beans/factory/AwareCustomizer> (0x0000000084d7f988) 
thrown [t:\workspace\open\src\hotspot\share\classfile\systemDictionary.cpp, line 256]
Event: 5.769 Thread 0x000001d4105c67b0 Exception <a 'java/lang/ClassNotFoundException'{0x0000000084d86f30}: org/springframework/context/ApplicationEventPublisherAwareCustomizer> (0x0000000084d86f30) 
thrown [t:\workspace\open\src\hotspot\share\classfile\systemDictionary.cpp, line 256]
Event: 5.769 Thread 0x000001d4105c67b0 Exception <a 'java/lang/ClassNotFoundException'{0x0000000084d8f1b8}: org/springframework/beans/factory/AwareCustomizer> (0x0000000084d8f1b8) 
thrown [t:\workspace\open\src\hotspot\share\classfile\systemDictionary.cpp, line 256]
Event: 5.770 Thread 0x000001d4105c67b0 Exception <a 'java/lang/ClassNotFoundException'{0x0000000084d9fb98}: java/lang/ObjectCustomizer> (0x0000000084d9fb98) 
thrown [t:\workspace\open\src\hotspot\share\classfile\systemDictionary.cpp, line 256]
Event: 5.771 Thread 0x000001d4105c67b0 Exception <a 'java/lang/ClassNotFoundException'{0x0000000084daa5f0}: org/springframework/core/io/support/PropertiesLoaderSupportCustomizer> (0x0000000084daa5f0) 
thrown [t:\workspace\open\src\hotspot\share\classfile\systemDictionary.cpp, line 256]
Event: 5.771 Thread 0x000001d4105c67b0 Exception <a 'java/lang/ClassNotFoundException'{0x0000000084dbace0}: org/springframework/beans/factory/config/PropertiesFactoryBeanCustomizer> (0x0000000084dbace0) 
thrown [t:\workspace\open\src\hotspot\share\classfile\systemDictionary.cpp, line 256]
Event: 5.772 Thread 0x000001d4105c67b0 Exception <a 'java/lang/ClassNotFoundException'{0x0000000084dd5050}: org/springframework/beans/factory/FactoryBeanCustomizer> (0x0000000084dd5050) 
thrown [t:\workspace\open\src\hotspot\share\classfile\systemDictionary.cpp, line 256]
Event: 5.773 Thread 0x000001d4105c67b0 Exception <a 'java/lang/ClassNotFoundException'{0x0000000084ddecc8}: org/springframework/beans/factory/InitializingBeanCustomizer> (0x0000000084ddecc8) 
thrown [t:\workspace\open\src\hotspot\share\classfile\systemDictionary.cpp, line 256]
Event: 5.807 Thread 0x000001d4105c67b0 Exception <a 'java/lang/IncompatibleClassChangeError'{0x0000000088599e10}: Found class java.lang.Object, but interface was expected> (0x0000000088599e10) 
thrown [t:\workspace\open\src\hotspot\share\interpreter\linkResolver.cpp, line 833]
Event: 5.868 Thread 0x000001d4105c67b0 Exception <a 'java/lang/NoSuchMethodError'{0x0000000085972b60}: 'java.lang.Object java.lang.invoke.DirectMethodHandle$Holder.invokeStatic(java.lang.Object, int, java.lang.Object)'> (0x0000000085972b60) 
thrown [t:\workspace\open\src\hotspot\share\interpreter\linkResolver.cpp, line 766]
Event: 5.879 Thread 0x000001d423bd6700 Exception <a 'java/lang/reflect/InvocationTargetException'{0x000000008577fd10}> (0x000000008577fd10) 
thrown [t:\workspace\open\src\hotspot\share\runtime\reflection.cpp, line 1121]
Event: 5.973 Thread 0x000001d4105c67b0 Exception <a 'java/lang/NoSuchMethodError'{0x0000000084e194e8}: 'void java.lang.invoke.DirectMethodHandle$Holder.invokeVirtual(java.lang.Object, java.lang.Object)'> (0x0000000084e194e8) 
thrown [t:\workspace\open\src\hotspot\share\interpreter\linkResolver.cpp, line 766]

VM Operations (20 events):
Event: 4.907 Executing VM operation: HandshakeAllThreads done
Event: 4.981 Executing VM operation: CollectForMetadataAllocation
Event: 4.983 Executing VM operation: CollectForMetadataAllocation done
Event: 4.994 Executing VM operation: G1Concurrent
Event: 4.995 Executing VM operation: G1Concurrent done
Event: 5.000 Executing VM operation: G1Concurrent
Event: 5.000 Executing VM operation: G1Concurrent done
Event: 5.061 Executing VM operation: HandshakeAllThreads
Event: 5.061 Executing VM operation: HandshakeAllThreads done
Event: 5.506 Executing VM operation: G1CollectForAllocation
Event: 5.509 Executing VM operation: G1CollectForAllocation done
Event: 5.761 Executing VM operation: ICBufferFull
Event: 5.761 Executing VM operation: ICBufferFull done
Event: 5.783 Executing VM operation: G1CollectForAllocation
Event: 5.787 Executing VM operation: G1CollectForAllocation done
Event: 5.849 Executing VM operation: HandshakeAllThreads
Event: 5.849 Executing VM operation: HandshakeAllThreads done
Event: 5.864 Executing VM operation: HandshakeAllThreads
Event: 5.864 Executing VM operation: HandshakeAllThreads done
Event: 6.000 Executing VM operation: G1CollectForAllocation

Events (20 events):
Event: 5.929 loading class java/nio/channels/Pipe$SourceChannel
Event: 5.929 loading class java/nio/channels/Pipe$SourceChannel done
Event: 5.929 loading class sun/nio/ch/SourceChannelImpl done
Event: 5.929 loading class sun/nio/ch/SinkChannelImpl
Event: 5.929 loading class java/nio/channels/Pipe$SinkChannel
Event: 5.929 loading class java/nio/channels/Pipe$SinkChannel done
Event: 5.929 loading class sun/nio/ch/SinkChannelImpl done
Event: 5.964 loading class java/util/concurrent/Executors$DefaultThreadFactory
Event: 5.964 loading class java/util/concurrent/Executors$DefaultThreadFactory done
Event: 5.973 Thread 0x000001d425160080 Thread added: 0x000001d425160080
Event: 5.982 Thread 0x000001d42515ed40 Thread added: 0x000001d42515ed40
Event: 5.982 Thread 0x000001d425160550 Thread added: 0x000001d425160550
Event: 5.982 Thread 0x000001d425160a20 Thread added: 0x000001d425160a20
Event: 5.982 Thread 0x000001d42515da00 Thread added: 0x000001d42515da00
Event: 5.982 Thread 0x000001d42515f6e0 Thread added: 0x000001d42515f6e0
Event: 5.982 loading class java/nio/channels/spi/AbstractSelector$1
Event: 5.982 Thread 0x000001d42515d060 Thread added: 0x000001d42515d060
Event: 5.982 loading class java/nio/channels/spi/AbstractSelector$1 done
Event: 5.982 Thread 0x000001d42515d530 Thread added: 0x000001d42515d530
Event: 5.982 Thread 0x000001d42515ded0 Thread added: 0x000001d42515ded0


Dynamic libraries:
0x00007ff6ed2e0000 - 0x00007ff6ed2ee000 	C:\Users\User\.jdks\openjdk-17.0.2\bin\java.exe
0x00007ffa22e30000 - 0x00007ffa23025000 	C:\WINDOWS\SYSTEM32\ntdll.dll
0x00007ffa224e0000 - 0x00007ffa2259e000 	C:\WINDOWS\System32\KERNEL32.DLL
0x00007ffa20620000 - 0x00007ffa208e8000 	C:\WINDOWS\System32\KERNELBASE.dll
0x00007ffa209a0000 - 0x00007ffa20aa0000 	C:\WINDOWS\System32\ucrtbase.dll
0x00007ffa1c100000 - 0x00007ffa1c118000 	C:\Users\User\.jdks\openjdk-17.0.2\bin\jli.dll
0x00007ffa1bb20000 - 0x00007ffa1bb3a000 	C:\Users\User\.jdks\openjdk-17.0.2\bin\VCRUNTIME140.dll
0x00007ffa21050000 - 0x00007ffa211f0000 	C:\WINDOWS\System32\USER32.dll
0x00007ffa20580000 - 0x00007ffa205a2000 	C:\WINDOWS\System32\win32u.dll
0x00007ffa22620000 - 0x00007ffa2264a000 	C:\WINDOWS\System32\GDI32.dll
0x00007ffa20c00000 - 0x00007ffa20d0b000 	C:\WINDOWS\System32\gdi32full.dll
0x00007ffa20d10000 - 0x00007ffa20dad000 	C:\WINDOWS\System32\msvcp_win.dll
0x00007ffa0b6f0000 - 0x00007ffa0b98a000 	C:\WINDOWS\WinSxS\amd64_microsoft.windows.common-controls_6595b64144ccf1df_6.0.19041.1110_none_60b5254171f9507e\COMCTL32.dll
0x00007ffa22050000 - 0x00007ffa220ee000 	C:\WINDOWS\System32\msvcrt.dll
0x00007ffa22650000 - 0x00007ffa22680000 	C:\WINDOWS\System32\IMM32.DLL
0x00007ffa1dd90000 - 0x00007ffa1dd9c000 	C:\Users\User\.jdks\openjdk-17.0.2\bin\vcruntime140_1.dll
0x00007ffa12190000 - 0x00007ffa1221d000 	C:\Users\User\.jdks\openjdk-17.0.2\bin\msvcp140.dll
0x00007ff9d1bb0000 - 0x00007ff9d2771000 	C:\Users\User\.jdks\openjdk-17.0.2\bin\server\jvm.dll
0x00007ffa220f0000 - 0x00007ffa2219e000 	C:\WINDOWS\System32\ADVAPI32.dll
0x00007ffa22200000 - 0x00007ffa2229c000 	C:\WINDOWS\System32\sechost.dll
0x00007ffa20e90000 - 0x00007ffa20fb5000 	C:\WINDOWS\System32\RPCRT4.dll
0x00007ffa21880000 - 0x00007ffa21888000 	C:\WINDOWS\System32\PSAPI.DLL
0x00007ffa0c140000 - 0x00007ffa0c167000 	C:\WINDOWS\SYSTEM32\WINMM.dll
0x00007ffa06d40000 - 0x00007ffa06d49000 	C:\WINDOWS\SYSTEM32\WSOCK32.dll
0x00007ffa18b40000 - 0x00007ffa18b4a000 	C:\WINDOWS\SYSTEM32\VERSION.dll
0x00007ffa22470000 - 0x00007ffa224db000 	C:\WINDOWS\System32\WS2_32.dll
0x00007ffa1e470000 - 0x00007ffa1e482000 	C:\WINDOWS\SYSTEM32\kernel.appcore.dll
0x00007ffa1bb00000 - 0x00007ffa1bb0a000 	C:\Users\User\.jdks\openjdk-17.0.2\bin\jimage.dll
0x00007ffa0b440000 - 0x00007ffa0b624000 	C:\WINDOWS\SYSTEM32\DBGHELP.DLL
0x00007ffa088f0000 - 0x00007ffa0891c000 	C:\WINDOWS\SYSTEM32\dbgcore.DLL
0x00007ffa20e00000 - 0x00007ffa20e82000 	C:\WINDOWS\System32\bcryptPrimitives.dll
0x00007ffa1b850000 - 0x00007ffa1b85e000 	C:\Users\User\.jdks\openjdk-17.0.2\bin\instrument.dll
0x00007ffa1b820000 - 0x00007ffa1b845000 	C:\Users\User\.jdks\openjdk-17.0.2\bin\java.dll
0x00007ff9eae30000 - 0x00007ff9eaf06000 	C:\Users\User\.jdks\openjdk-17.0.2\bin\jsvml.dll
0x00007ffa218a0000 - 0x00007ffa21fe4000 	C:\WINDOWS\System32\SHELL32.dll
0x00007ffa1e670000 - 0x00007ffa1ee04000 	C:\WINDOWS\SYSTEM32\windows.storage.dll
0x00007ffa21330000 - 0x00007ffa21684000 	C:\WINDOWS\System32\combase.dll
0x00007ffa1ffc0000 - 0x00007ffa1ffec000 	C:\WINDOWS\SYSTEM32\Wldp.dll
0x00007ffa217d0000 - 0x00007ffa2187d000 	C:\WINDOWS\System32\SHCORE.dll
0x00007ffa211f0000 - 0x00007ffa21245000 	C:\WINDOWS\System32\shlwapi.dll
0x00007ffa20490000 - 0x00007ffa204af000 	C:\WINDOWS\SYSTEM32\profapi.dll
0x00007ffa1b800000 - 0x00007ffa1b818000 	C:\Users\User\.jdks\openjdk-17.0.2\bin\zip.dll
0x00007ffa1b280000 - 0x00007ffa1b299000 	C:\Users\User\.jdks\openjdk-17.0.2\bin\net.dll
0x00007ffa10140000 - 0x00007ffa1024a000 	C:\WINDOWS\SYSTEM32\WINHTTP.dll
0x00007ffa1fd20000 - 0x00007ffa1fd8a000 	C:\WINDOWS\system32\mswsock.dll
0x00007ffa1af80000 - 0x00007ffa1af96000 	C:\Users\User\.jdks\openjdk-17.0.2\bin\nio.dll
0x00007ffa0ba20000 - 0x00007ffa0ba3a000 	D:\IntelliJ IDEA 2021.2.2\bin\breakgen64.dll
0x00007ffa1fa10000 - 0x00007ffa1fadb000 	C:\WINDOWS\SYSTEM32\DNSAPI.dll
0x00007ffa1f9c0000 - 0x00007ffa1f9fb000 	C:\WINDOWS\SYSTEM32\IPHLPAPI.DLL
0x00007ffa21890000 - 0x00007ffa21898000 	C:\WINDOWS\System32\NSI.dll
0x00007ffa0f5b0000 - 0x00007ffa0f5ba000 	C:\Windows\System32\rasadhlp.dll
0x00007ffa10010000 - 0x00007ffa1008f000 	C:\WINDOWS\System32\fwpuclnt.dll
0x00007ffa20550000 - 0x00007ffa20577000 	C:\WINDOWS\System32\bcrypt.dll
0x00007ffa1b200000 - 0x00007ffa1b209000 	C:\Users\User\.jdks\openjdk-17.0.2\bin\management.dll
0x00007ffa0ba10000 - 0x00007ffa0ba1b000 	C:\Users\User\.jdks\openjdk-17.0.2\bin\management_ext.dll
0x00007ffa1ff20000 - 0x00007ffa1ff38000 	C:\WINDOWS\SYSTEM32\CRYPTSP.dll
0x00007ffa1f630000 - 0x00007ffa1f664000 	C:\WINDOWS\system32\rsaenh.dll
0x00007ffa20450000 - 0x00007ffa2047e000 	C:\WINDOWS\SYSTEM32\USERENV.dll
0x00007ffa1ff10000 - 0x00007ffa1ff1c000 	C:\WINDOWS\SYSTEM32\CRYPTBASE.dll
0x00007ffa18ba0000 - 0x00007ffa18bb7000 	C:\WINDOWS\SYSTEM32\dhcpcsvc6.DLL
0x00007ffa197f0000 - 0x00007ffa1980d000 	C:\WINDOWS\SYSTEM32\dhcpcsvc.DLL
0x00007ffa03230000 - 0x00007ffa03247000 	C:\WINDOWS\system32\napinsp.dll
0x00007ffa02f70000 - 0x00007ffa02f8b000 	C:\WINDOWS\system32\pnrpnsp.dll
0x00007ffa02f50000 - 0x00007ffa02f65000 	C:\WINDOWS\system32\wshbth.dll
0x00007ffa1bf90000 - 0x00007ffa1bfad000 	C:\WINDOWS\system32\NLAapi.dll
0x00007ffa02d80000 - 0x00007ffa02d92000 	C:\WINDOWS\System32\winrnr.dll
0x00007ffa0ba00000 - 0x00007ffa0ba0e000 	C:\Users\User\.jdks\openjdk-17.0.2\bin\sunmscapi.dll
0x00007ffa20aa0000 - 0x00007ffa20bf6000 	C:\WINDOWS\System32\CRYPT32.dll
0x00007ffa20030000 - 0x00007ffa20057000 	C:\WINDOWS\SYSTEM32\ncrypt.dll
0x00007ffa1fff0000 - 0x00007ffa2002b000 	C:\WINDOWS\SYSTEM32\NTASN1.dll
0x00007ffa060e0000 - 0x00007ffa060e7000 	C:\WINDOWS\system32\wshunix.dll

dbghelp: loaded successfully - version: 4.0.5 - missing functions: none
symbol engine: initialized successfully - sym options: 0x614 - pdb path: .;C:\Users\User\.jdks\openjdk-17.0.2\bin;C:\WINDOWS\SYSTEM32;C:\WINDOWS\WinSxS\amd64_microsoft.windows.common-controls_6595b64144ccf1df_6.0.19041.1110_none_60b5254171f9507e;C:\Users\User\.jdks\openjdk-17.0.2\bin\server;D:\IntelliJ IDEA 2021.2.2\bin

VM Arguments:
jvm_args: -XX:TieredStopAtLevel=1 -Xverify:none -Dspring.output.ansi.enabled=always -javaagent:D:\IntelliJ IDEA 2021.2.2\lib\idea_rt.jar=55622:D:\IntelliJ IDEA 2021.2.2\bin -Dcom.sun.management.jmxremote -Dspring.jmx.enabled=true -Dspring.liveBeansView.mbeanDomain -Dspring.application.admin.enabled=true -Dfile.encoding=UTF-8 
java_command: com.example.onlineshopping.OnlineShoppingApplication
java_class_path (initial): C:\Users\User\IdeaProjects\OnlineShopping\target\classes;C:\Users\User\.m2\repository\org\springframework\boot\spring-boot-starter\2.6.6\spring-boot-starter-2.6.6.jar;C:\Users\User\.m2\repository\org\springframework\boot\spring-boot\2.6.6\spring-boot-2.6.6.jar;C:\Users\User\.m2\repository\org\springframework\boot\spring-boot-autoconfigure\2.6.6\spring-boot-autoconfigure-2.6.6.jar;C:\Users\User\.m2\repository\org\springframework\boot\spring-boot-starter-logging\2.6.6\spring-boot-starter-logging-2.6.6.jar;C:\Users\User\.m2\repository\ch\qos\logback\logback-classic\1.2.11\logback-classic-1.2.11.jar;C:\Users\User\.m2\repository\ch\qos\logback\logback-core\1.2.11\logback-core-1.2.11.jar;C:\Users\User\.m2\repository\org\apache\logging\log4j\log4j-to-slf4j\2.17.2\log4j-to-slf4j-2.17.2.jar;C:\Users\User\.m2\repository\org\apache\logging\log4j\log4j-api\2.17.2\log4j-api-2.17.2.jar;C:\Users\User\.m2\repository\org\slf4j\jul-to-slf4j\1.7.36\jul-to-slf4j-1.7.36.jar;C:\Users\User\.m2\repository\jakarta\annotation\jakarta.annotation-api\1.3.5\jakarta.annotation-api-1.3.5.jar;C:\Users\User\.m2\repository\org\springframework\spring-core\5.3.18\spring-core-5.3.18.jar;C:\Users\User\.m2\repository\org\springframework\spring-jcl\5.3.18\spring-jcl-5.3.18.jar;C:\Users\User\.m2\repository\org\yaml\snakeyaml\1.29\snakeyaml-1.29.jar;C:\Users\User\.m2\repository\org\projectlombok\lombok\1.18.22\lombok-1.18.22.jar;C:\Users\User\.m2\repository\org\springframework\boot\spring-boot-starter-web\2.6.6\spring-boot-starter-web-2.6.6.jar;C:\Users\User\.m2\repository\org\springframework\boot\spring-boot-starter-json\2.6.6\spring-boot-starter-json-2.6.6.jar;C:\Users\User\.m2\repository\com\fasterxml\jackson\datatype\jackson-datatype-jdk8\2.13.2\jackson-datatype-jdk8-2.13.2.jar;C:\Users\User\.m2\repository\com\fasterxml\jackson\datatype\jackson-datatype-jsr310\2.13.2\jackson-datatype-jsr310-2.13.2.jar;C:\Users\User\.m2\repository\com\fasterxml\jackson\module\jackson-module-p
Launcher Type: SUN_STANDARD

[Global flags]
     intx CICompilerCount                          = 4                                         {product} {ergonomic}
     uint ConcGCThreads                            = 2                                         {product} {ergonomic}
     uint G1ConcRefinementThreads                  = 8                                         {product} {ergonomic}
   size_t G1HeapRegionSize                         = 1048576                                   {product} {ergonomic}
    uintx GCDrainStackTargetSize                   = 64                                        {product} {ergonomic}
   size_t InitialHeapSize                          = 132120576                                 {product} {ergonomic}
     bool ManagementServer                         = true                                      {product} {command line}
   size_t MarkStackSize                            = 4194304                                   {product} {ergonomic}
   size_t MaxHeapSize                              = 2107637760                                {product} {ergonomic}
   size_t MaxNewSize                               = 1264582656                                {product} {ergonomic}
   size_t MinHeapDeltaBytes                        = 1048576                                   {product} {ergonomic}
   size_t MinHeapSize                              = 8388608                                   {product} {ergonomic}
    uintx NonProfiledCodeHeapSize                  = 0                                      {pd product} {ergonomic}
     bool ProfileInterpreter                       = false                                  {pd product} {command line}
    uintx ProfiledCodeHeapSize                     = 0                                      {pd product} {ergonomic}
   size_t SoftMaxHeapSize                          = 2107637760                             {manageable} {ergonomic}
     intx TieredStopAtLevel                        = 1                                         {product} {command line}
     bool UseCompressedClassPointers               = true                           {product lp64_product} {ergonomic}
     bool UseCompressedOops                        = true                           {product lp64_product} {ergonomic}
     bool UseG1GC                                  = true                                      {product} {ergonomic}
     bool UseLargePagesIndividualAllocation        = false                                  {pd product} {ergonomic}

Logging:
Log output configuration:
 #0: stdout all=warning uptime,level,tags
 #1: stderr all=off uptime,level,tags

Environment Variables:
PATH=C:\Program Files (x86)\Common Files\Oracle\Java\javapath;C:\Program Files (x86)\Intel\Intel(R) Management Engine Components\iCLS\;C:\Program Files\Intel\Intel(R) Management Engine Components\iCLS\;C:\Windows\system32;C:\Windows;C:\Windows\System32\Wbem;C:\Windows\System32\WindowsPowerShell\v1.0\;C:\Program Files (x86)\Intel\Intel(R) Management Engine Components\DAL;C:\Program Files\Intel\Intel(R) Management Engine Components\DAL;C:\Program Files (x86)\Intel\Intel(R) Management Engine Components\IPT;C:\Program Files\Intel\Intel(R) Management Engine Components\IPT;C:\Program Files (x86)\NVIDIA Corporation\PhysX\Common;C:\Program Files\NVIDIA Corporation\NVIDIA NvDLISR;C:\Program Files\Microsoft SQL Server\130\Tools\Binn\;C:\Program Files\dotnet\;C:\WINDOWS\system32;C:\WINDOWS;C:\WINDOWS\System32\Wbem;C:\WINDOWS\System32\WindowsPowerShell\v1.0\;C:\WINDOWS\System32\OpenSSH\;C:\Program Files\Intel\WiFi\bin\;C:\Program Files\Common Files\Intel\WirelessCommon\;C:\Program Files (x86)\QuickTime\QTSystem\;C:\Program Files\Common Files\Autodesk Shared\;C:\Program Files\Git\cmd;D:\GoLang\bin;D:\putty\;C:\Program Files\MySQL\MySQL Shell 8.0\bin\;C:\Users\User\AppData\Local\Programs\Python\Python39\Scripts\;C:\Users\User\AppData\Local\Programs\Python\Python39\;C:\Users\User\AppData\Local\Microsoft\WindowsApps;C:\Program Files\Intel\WiFi\bin\;C:\Program Files\Common Files\Intel\WirelessCommon\;D:\IntelliJ IDEA 2021.2.2\bin;;C:\Users\User\AppData\Roaming\Microsoft\Windows\Start Menu\Programs\Python 3.9;C:\Users\User\AppData\Local\GitHubDesktop\bin;D:\GoLand 2021.3\bin;;C:\Users\User\go\bin;C:\Users\User\.dotnet\tools;C:\windows\system32;
USERNAME=User
OS=Windows_NT
PROCESSOR_IDENTIFIER=Intel64 Family 6 Model 158 Stepping 10, GenuineIntel



---------------  S Y S T E M  ---------------

OS:
 Windows 10 , 64 bit Build 19041 (10.0.19041.1645)
OS uptime: 2 days 3:02 hours

CPU: total 8 (initial active 8) (4 cores per cpu, 2 threads per core) family 6 model 158 stepping 10 microcode 0xb4, cx8, cmov, fxsr, ht, mmx, 3dnowpref, sse, sse2, sse3, ssse3, sse4.1, sse4.2, popcnt, lzcnt, tsc, tscinvbit, avx, avx2, aes, erms, clmul, bmi1, bmi2, adx, fma, vzeroupper, clflush, clflushopt

Memory: 4k page, system-wide physical 8034M (622M free)
TotalPageFile size 18274M (AvailPageFile size 23M)
current process WorkingSet (physical memory assigned to process): 180M, peak: 180M
current process commit charge ("private bytes"): 260M, peak: 282M

vm_info: OpenJDK 64-Bit Server VM (17.0.2+8-86) for windows-amd64 JRE (17.0.2+8-86), built on Dec  7 2021 21:49:10 by "mach5one" with MS VC++ 16.8 / 16.9 (VS2019)

END.
